<?xml version="1.0" encoding="UTF-8"?>
<robot generator="Robot 5.0.1 (Python 3.8.2 on win32)" generated="20221020 16:45:12.013" rpa="false" schemaversion="3">
<suite id="s1" name="Valid User Test" source="C:\Users\amanda.martins\OneDrive - COMPASSO TECNOLOGIA LTDA\Área de Trabalho\Fake_Store_Api\fake_shop\tests\user\valid_user_test.robot">
<kw name="Open Session" library="base" type="SETUP">
<kw name="Create Session" library="RequestsLibrary">
<arg>fakeshop</arg>
<arg>${BASE_URL}</arg>
<doc>Create Session: create a HTTP session to a server</doc>
<msg timestamp="20221020 16:45:12.734" level="INFO">Creating Session using : alias=fakeshop, url=https://fakestoreapi.com, headers={},                     cookies={}, auth=None, timeout=None, proxies=None, verify=False,                     debug=0 </msg>
<status status="PASS" starttime="20221020 16:45:12.734" endtime="20221020 16:45:12.734"/>
</kw>
<status status="PASS" starttime="20221020 16:45:12.734" endtime="20221020 16:45:12.734"/>
</kw>
<test id="s1-t1" name="Test Case 9: DELETE Remove User By ID" line="60">
<kw name="DELETE User" library="user_library">
<var>${delete_user}</var>
<var>${status_code}</var>
<arg>3</arg>
<msg timestamp="20221020 16:45:13.633" level="INFO">${delete_user} = {'address': {'geolocation': {'lat': '40.3467', 'long': '-30.1310'}, 'city': 'Cullman', 'street': 'Frances Ct', 'number': 86, 'zipcode': '29567-1452'}, 'id': 3, 'email': 'kevin@gmail.com', 'username': ...</msg>
<msg timestamp="20221020 16:45:13.633" level="INFO">${status_code} = 
Status Code: 200
</msg>
<status status="PASS" starttime="20221020 16:45:12.736" endtime="20221020 16:45:13.634"/>
</kw>
<kw name="Log To Console" library="BuiltIn">
<arg>${delete_user}</arg>
<doc>Logs the given message to the console.</doc>
<status status="PASS" starttime="20221020 16:45:13.636" endtime="20221020 16:45:13.639"/>
</kw>
<kw name="Log To Console" library="BuiltIn">
<arg>${status_code}</arg>
<doc>Logs the given message to the console.</doc>
<status status="PASS" starttime="20221020 16:45:13.640" endtime="20221020 16:45:13.643"/>
</kw>
<tag>9</tag>
<status status="PASS" starttime="20221020 16:45:12.735" endtime="20221020 16:45:13.645"/>
</test>
<doc>Creating valid test for the endpoint /user</doc>
<status status="PASS" starttime="20221020 16:45:12.015" endtime="20221020 16:45:13.649"/>
</suite>
<statistics>
<total>
<stat pass="1" fail="0" skip="0">All Tests</stat>
</total>
<tag>
<stat pass="1" fail="0" skip="0">9</stat>
</tag>
<suite>
<stat pass="1" fail="0" skip="0" id="s1" name="Valid User Test">Valid User Test</stat>
</suite>
</statistics>
<errors>
</errors>
</robot>
